808
278
126 34 27 13 10 9 8 6 6 6 6 5 4 4 4 3 3 3 3 3 3 3 2 2 2 2 2 2 2 2 2 2 1 1 1 1 1 1 1 1 1 1 1 1 1 1 1 1 1 1 1 1 1 1 1 1 1 1 1 1 1 1 1 1 
98
98
106
98
100
105
109
114
108
112
163
156
165
167
164
163
161
165
166
90
96
86
85
86
87
86
83
85
161
155
167
164
165
164
165
169
160
89
98
86
89
90
88
87
82
95
166
159
167
165
163
166
167
171
159
86
88
84
85
88
86
83
83
94
169
165
172
168
167
167
170
167
155
81
94
82
86
88
87
86
88
103
172
153
166
164
161
165
165
163
152
91
96
90
90
94
90
89
91
95
139
170
170
169
168
172
176
175
177
156
88
92
95
96
91
87
86
81
84
169
165
161
157
160
161
161
165
165
79
83
84
91
87
88
90
85
90
170
166
169
163
167
167
163
171
165
88
90
88
91
89
88
92
83
85
163
166
165
163
165
164
161
166
167
88
84
83
87
84
87
91
88
90
169
164
171
166
169
166
162
164
158
82
93
85
87
86
87
92
89
93
162
160
163
162
162
163
160
161
162
113
83
85
85
84
83
83
81
76
98
163
160
158
161
162
164
166
171
169
85
87
90
89
87
88
87
86
83
168
166
168
166
169
167
165
166
164
85
90
86
89
86
88
92
89
93
167
164
165
163
164
163
157
161
161
87
85
87
89
88
89
93
91
87
161
165
165
163
166
164
162
163
166
89
93
89
91
87
88
90
88
91
169
159
164
163
167
168
164
167
162
88
89
89
87
86
86
89
88
90
145
173
170
171
173
172
172
173
174
147
87
91
92
90
91
90
88
88
89
167
165
163
163
162
162
166
162
167
87
90
88
90
89
89
86
89
90
165
160
164
162
163
166
166
165
159
88
92
88
89
90
86
87
87
90
162
164
165
165
164
166
166
163
166
93
88
86
89
89
89
88
91
89
165
165
169
164
164
164
164
164
162
82
89
84
88
88
87
88
86
88
164
165
165
164
162
163
163
164
164
107
80
82
83
83
84
83
81
80
106
164
164
162
163
161
163
166
165
165
88
86
88
87
89
88
84
89
82
162
163
164
164
164
164
168
165
165
89
92
88
89
90
89
86
88
93
166
163
166
166
163
165
166
164
162
90
87
87
86
89
89
88
91
88
159
165
166
165
163
162
164
160
165
91
89
86
89
89
90
89
90
88
167
163
165
163
162
163
163
165
167
89
87
88
89
91
90
91
91
88
148
174
173
173
174
174
172
171
173
146
89
88
89
84
85
87
87
89
88
162
167
164
168
168
164
165
159
170
90
88
90
87
87
91
89
93
89
166
163
162
165
166
163
164
164
161
86
91
93
88
88
89
87
86
87
162
162
158
164
165
164
166
164
167
94
89
92
87
85
88
86
89
86
163
166
165
167
169
166
168
167
168
84
86
88
88
87
89
89
87
85
169
171
165
164
162
160
158
160
163
98
75
82
83
82
84
85
85
83
113
162
161
159
163
162
163
163
160
162
93
88
92
86
86
87
85
93
81
158
164
162
167
169
167
171
164
169
90
88
91
87
85
87
83
84
87
167
166
161
164
164
163
165
166
163
85
83
92
88
89
91
88
90
88
165
171
163
167
167
163
168
166
170
91
85
90
88
87
91
85
84
80
166
166
162
161
160
157
161
165
169
84
80
86
87
91
96
94
92
88
156
178
174
175
172
167
170
170
170
140
95
91
89
90
94
90
89
96
91
151
163
164
165
162
164
167
153
172
103
88
85
86
87
86
82
95
81
155
167
170
168
167
169
172
164
169
93
83
83
85
88
85
84
89
85
159
171
167
166
163
165
167
159
166
96
82
87
89
89
89
86
97
90
160
169
166
164
165
165
166
155
161
85
83
86
86
85
85
86
95
90
165
165
160
163
164
166
165
156
163
113
108
115
109
105
101
98
106
