1298
618
122 21 19 6 4 4 4 4 4 3 3 3 
97
74
80
108
132
135
124
119
125
138
150
153
144
120
92
81
95
118
128
121
113
119
135
150
155
149
130
104
87
92
114
129
124
108
104
120
144
159
159
143
117
91
85
103
128
135
121
103
104
124
147
160
156
136
108
86
87
110
132
134
118
107
114
132
148
154
147
127
101
86
94
116
132
128
115
113
125
141
150
150
138
115
92
84
100
123
133
125
114
117
131
147
155
152
134
104
79
78
102
130
138
128
116
118
131
148
160
158
134
95
67
72
103
133
141
131
120
120
131
149
163
159
129
88
64
75
107
132
136
128
123
127
139
155
163
151
116
80
70
89
116
128
123
117
122
137
154
165
161
134
96
73
82
109
127
123
109
106
121
145
167
173
156
117
80
71
95
125
134
119
102
103
122
150
171
173
148
105
74
77
106
131
132
116
103
108
128
152
168
163
135
97
77
88
116
132
126
113
108
118
135
154
162
151
119
88
80
100
125
134
124
112
111
122
140
157
161
141
105
77
79
107
134
139
127
114
112
122
142
161
163
135
93
67
77
110
138
144
133
119
113
122
143
163
160
126
83
64
81
114
138
142
133
122
119
130
150
163
148
110
75
70
95
123
136
132
124
121
129
146
163
160
129
88
68
82
114
134
132
119
111
118
138
163
175
155
111
71
66
96
130
141
128
110
103
116
144
172
177
147
97
65
73
108
137
139
123
107
105
120
148
172
168
133
90
71
88
119
137
132
118
108
110
127
152
167
154
117
84
80
104
130
137
127
114
107
113
133
156
163
141
103
78
86
115
139
142
130
114
105
111
134
158
161
133
93
74
88
120
144
148
136
117
104
110
134
158
155
123
86
74
94
124
145
148
137
119
108
117
140
156
142
106
79
81
107
133
145
141
128
116
117
134
153
152
121
85
72
92
124
144
143
129
115
111
127
153
166
146
102
67
70
103
139
151
141
119
104
109
136
166
171
138
89
62
75
113
143
150
135
114
103
113
143
169
164
126
83
69
90
122
141
140
127
111
107
123
150
166
150
111
81
82
106
130
138
132
119
108
110
131
156
162
137
100
81
91
117
137
140
131
115
103
109
133
158
158
129
94
81
96
122
141
145
135
115
101
107
134
156
151
121
91
85
101
125
142
147
136
115
103
113
138
151
137
108
88
92
112
132
144
142
128
112
111
129
148
146
118
88
82
101
127
144
145
133
115
107
121
148
161
139
98
71
78
108
139
153
146
124
105
106
132
163
165
131
86
65
79
114
143
153
142
119
104
113
143
167
158
119
81
70
89
118
139
144
134
117
110
126
153
165
144
106
81
82
102
122
133
133
124
114
117
139
161
160
131
97
83
91
110
126
132
129
118
110
120
145
164
156
125
95
85
95
112
127
135
131
117
108
120
145
160
149
121
97
90
97
112
128
137
132
117
111
125
146
153
137
112
97
96
105
118
130
134
125
114
118
137
153
146
120
97
92
102
118
131
135
128
113
110
127
154
161
139
103
81
85
106
129
143
140
122
105
109
138
166
164
130
91
73
82
108
134
147
140
120
106
118
148
168
155
118
85
75
87
110
131
141
135
120
116
134
158
163
139
105
84
83
96
112
126
131
126
121
128
150
165
156
125
96
85
90
101
113
124
126
121
121
136
158
167
150
119
95
87
90
100
114
125
127
121
122
138
158
162
145
119
99
90
90
98
114
127
128
123
126
142
156
154
136
115
102
95
94
102
116
125
123
122
133
151
158
146
123
105
98
99
105
115
123
120
113
118
139
162
162
139
109
92
90
101
117
131
131
116
105
116
145
168
162
132
99
83
85
102
125
139
134
116
107
123
151
165
152
121
94
83
88
105
126
137
132
119
120
138
157
156
134
108
92
89
95
108
123
130
126
123
135
154
161
146
118
98
91
93
100
112
122
125
122
128
146
163
161
138
112
96
91
92
99
112
123
125
124
132
150
161
154
133
113
100
92
89
96
111
124
127
129
139
152
156
145
127
114
104
95
91
99
112
121
124
130
144
157
154
138
120
108
102
98
101
111
118
117
115
126
148
162
156
134
112
99
94
100
114
126
126
113
107
121
148
164
155
131
107
91
90
102
124
137
130
113
107
124
148
157
146
124
104
92
93
108
128
137
128
116
118
135
149
145
128
112
102
98
102
115
128
130
122
121
133
149
149
132
112
101
99
102
111
122
128
124
119
127
145
155
146
123
105
97
97
102
112
124
129
125
123
134
149
152
138
119
106
100
97
99
110
122
128
127
131
142
150
145
129
116
109
104
99
100
110
120
124
126
134
148
152
142
125
112
106
102
101
108
118
122
118
118
131
149
155
144
126
110
99
96
103
119
131
127
114
110
125
146
155
146
128
108
94
91
106
129
140
129
112
109
124
142
149
141
126
108
95
96
113
133
138
125
113
117
131
140
137
127
117
107
102
108
123
134
129
118
117
130
141
139
125
112
105
104
109
121
133
133
121
113
122
139
147
136
117
104
99
102
112
127
137
132
120
117
129
143
143
128
113
103
99
101
111
126
135
130
124
127
139
144
136
120
110
105
102
103
112
125
130
126
125
134
146
146
133
117
107
102
99
104
118
129
128
120
121
134
148
149
137
121
106
94
92
105
126
137
130
116
115
129
146
151
143
127
105
87
86
106
133
142
130
114
113
127
142
148
143
128
105
88
91
113
135
137
124
114
120
133
141
141
134
120
103
96
105
124
133
125
114
116
130
142
142
133
120
107
100
105
122
135
130
114
107
119
139
148
141
126
109
98
97
112
132
140
128
111
110
126
143
146
136
120
105
95
98
115
134
138
126
115
120
135
143
139
128
115
103
95
100
118
132
132
122
120
131
144
145
136
123
109
96
92
103
123
134
129
119
121
135
148
150
141
125
104
85
84
103
129
139
129
117
118
133
148
154
149
130
100
76
77
103
132
141
130
118
119
132
147
156
152
130
