808
278
126 34 27 13 10 9 8 6 6 6 6 5 4 4 4 3 3 3 3 3 3 3 2 2 2 2 2 2 2 2 2 2 1 1 1 1 1 1 1 1 1 1 1 1 1 1 1 1 1 1 1 1 1 1 1 1 1 1 1 1 1 1 1 1 1 1 1 1 1 1 1 0 0 0 0 0 0 0 0 0 0 0 0 0 0 0 0 0 0 0 0 0 0 0 0 0 0 0 0 0 0 0 0 0 0 0 0 0 0 0 0 0 0 0 0 0 0 0 0 0 0 0 0 0 0 0 0 0 
81
80
89
89
90
88
89
94
96
88
160
156
164
165
168
169
168
166
162
92
91
88
88
86
87
89
89
90
164
164
169
164
166
165
164
167
165
89
87
86
90
87
90
90
86
90
166
167
168
163
164
164
163
166
165
88
87
88
92
88
90
91
85
90
164
163
165
162
166
165
165
170
166
88
90
85
88
86
86
86
83
94
169
167
167
164
167
165
162
163
155
83
100
89
90
89
90
90
87
94
147
172
165
162
166
166
165
170
171
164
81
89
88
87
89
90
85
84
91
168
167
166
167
164
162
165
167
164
87
87
86
88
90
90
90
89
87
165
166
164
164
165
164
164
164
167
90
89
89
88
87
85
88
90
86
164
166
165
166
168
167
163
162
165
89
88
89
87
87
88
90
89
85
165
164
167
166
163
166
165
167
164
86
86
89
90
89
87
88
89
92
170
156
163
165
163
166
167
166
162
100
82
88
89
88
85
86
86
85
93
170
164
166
165
165
164
165
166
163
88
89
88
88
88
89
88
86
89
164
165
168
165
164
166
166
164
166
87
87
88
90
89
88
88
89
89
165
166
165
165
163
167
166
164
167
87
87
88
89
89
87
89
90
88
165
165
165
167
165
165
163
165
169
88
90
85
85
91
89
89
87
88
166
167
165
166
163
164
163
164
164
84
96
91
87
91
88
88
87
89
157
167
166
166
166
168
166
167
167
159
86
89
86
88
87
89
90
91
90
164
164
165
166
166
163
164
167
163
90
89
87
89
89
87
87
89
88
166
165
164
163
166
165
166
166
165
89
88
89
89
89
88
87
87
87
167
167
166
165
165
166
165
165
164
88
88
89
88
88
89
89
88
86
165
164
167
167
165
165
166
166
165
89
86
88
88
87
88
89
89
89
167
161
163
166
165
165
166
166
166
96
86
87
88
87
87
88
87
86
95
166
166
165
165
165
165
164
161
167
89
89
90
88
88
89
88
86
88
165
166
165
164
164
166
166
164
165
86
88
89
90
88
89
89
88
88
164
165
164
166
165
164
166
167
167
88
87
87
87
88
89
88
88
89
164
166
165
165
166
163
164
165
165
89
89
88
88
89
89
87
89
91
163
167
164
163
167
165
165
163
164
90
90
91
88
87
88
85
89
87
159
168
167
167
170
167
167
166
168
157
88
87
87
88
90
87
90
97
85
165
165
164
165
164
166
166
167
166
88
87
89
89
90
85
85
89
88
169
164
164
165
165
166
165
165
165
88
90
89
86
89
89
89
88
88
167
164
167
167
164
165
165
166
165
89
89
89
89
89
90
88
86
88
166
164
166
166
164
165
168
166
164
89
86
88
90
88
88
88
89
88
163
166
164
164
165
164
166
163
170
93
85
87
87
85
89
89
87
83
99
162
166
167
167
163
165
163
156
170
92
89
88
86
89
90
89
86
86
164
167
166
166
163
166
167
164
165
85
90
90
88
87
87
89
88
88
165
162
163
167
167
166
165
166
165
86
90
88
85
87
88
89
89
91
166
165
165
164
165
164
164
166
165
87
89
89
91
90
88
87
88
88
164
167
166
162
165
167
166
167
168
91
83
85
90
89
87
88
90
81
164
172
170
165
167
165
162
165
172
148
94
87
91
90
89
90
89
100
83
155
163
163
166
168
164
167
167
169
94
83
86
86
85
88
86
90
88
167
170
166
165
166
163
165
163
165
89
85
91
90
88
92
88
87
87
165
167
163
164
165
163
168
167
165
90
86
89
90
87
89
86
86
89
165
167
165
165
166
165
169
164
163
90
88
88
86
85
88
87
90
92
161
166
167
169
168
165
164
156
159
88
96
95
89
88
91
90
89
