1051
526
122 13 13 12 12 12 10 10 10 10 10 10 9 9 9 9 9 9 9 9 9 9 9 9 9 9 9 9 9 9 
135
119
166
89
122
112
175
97
134
105
72
204
147
145
173
61
98
162
148
165
142
132
142
65
155
97
112
132
118
140
158
132
149
124
126
84
156
102
64
168
55
116
105
113
144
98
118
136
128
143
116
107
89
92
97
56
83
124
191
180
87
67
109
129
156
194
76
110
112
121
71
140
91
170
171
108
164
153
97
146
100
153
124
147
158
77
153
145
100
124
113
175
128
172
63
130
148
96
128
159
46
200
140
91
105
87
95
111
85
150
126
159
114
68
126
70
154
172
70
143
50
118
64
81
143
132
140
180
100
122
88
160
137
137
93
63
120
121
155
158
92
99
177
166
177
130
105
144
82
171
142
82
116
105
102
197
167
150
136
85
86
196
129
88
155
71
125
104
139
98
128
137
79
114
132
124
173
75
64
115
118
119
95
130
129
122
143
56
45
117
152
137
155
88
163
94
137
69
138
155
108
172
109
38
177
76
146
153
119
209
132
135
174
88
113
109
128
144
150
81
121
90
181
168
200
75
91
154
132
143
165
35
90
64
130
165
121
147
81
115
138
112
181
94
66
104
93
75
152
107
128
65
142
137
110
150
69
70
203
96
184
117
252
147
124
146
132
144
140
117
143
85
97
149
142
187
148
106
167
91
123
123
121
182
97
102
165
88
160
155
90
178
98
186
91
111
151
115
113
48
57
154
129
179
109
103
122
118
171
93
70
119
92
93
97
139
84
118
102
107
135
200
77
173
70
74
186
119
70
110
53
129
150
219
158
110
106
71
154
142
147
168
105
170
78
148
78
81
194
174
124
204
78
121
103
117
131
132
132
146
144
150
89
105
79
57
180
128
125
128
94
171
75
113
94
107
138
136
120
82
94
127
32
114
75
160
231
97
141
110
84
114
120
83
123
132
146
87
89
141
158
171
131
118
127
156
152
138
151
65
76
153
63
168
215
103
184
111
169
110
115
82
107
179
147
119
150
29
119
134
99
126
150
166
141
101
84
62
97
121
146
122
115
95
144
85
138
44
119
76
113
202
145
107
148
42
105
85
141
182
136
115
92
86
106
148
125
119
177
146
229
109
73
107
124
102
172
117
113
119
167
112
161
151
125
149
134
113
166
117
51
128
115
127
99
103
116
122
237
124
107
88
68
139
87
93
136
95
164
37
107
144
66
215
98
57
148
129
127
146
46
115
84
112
147
148
165
106
120
103
75
170
124
150
141
103
211
102
113
157
35
159
122
191
166
116
84
91
107
205
156
195
94
79
156
121
99
141
65
108
118
141
160
82
138
135
115
195
58
102
76
96
127
159
40
78
124
132
103
184
98
124
151
94
94
139
75
121
97
42
167
161
157
129
74
176
101
166
136
89
125
155
129
140
91
137
99
133
134
183
200
132
93
90
93
120
193
149
152
119
112
90
84
150
148
134
78
114
137
139
154
73
74
143
111
195
111
28
111
102
107
103
146
45
143
145
131
163
111
78
133
75
122
114
109
112
90
151
127
91
185
135
121
174
132
132
122
71
132
90
197
82
150
110
98
231
186
109
157
63
132
102
162
151
109
138
66
118
134
106
195
99
134
164
103
99
83
51
207
71
140
130
89
135
113
57
84
101
206
127
120
57
78
168
94
154
102
100
142
84
162
71
104
156
72
112
190
142
186
118
113
96
129
118
118
162
125
109
165
81
89
209
125
185
162
152
113
91
106
83
153
114
105
160
91
156
154
96
135
92
182
143
75
130
42
86
130
137
95
121
61
153
150
143
115
107
64
113
121
101
93
133
142
149
70
86
123
108
172
158
103
135
110
136
85
160
97
178
120
103
160
174
100
116
82
113
126
231
141
139
165
88
138
99
84
164
110
135
132
142
140
76
62
147
78
3
190
95
104
61
52
85
60
142
151
199
85
94
118
39
206
113
79
148
92
167
94
57
93
49
119
180
146
197
111
139
124
84
115
90
107
156
136
205
124
58
159
59
156
155
172
171
128
137
115
103
116
92
137
139
174
178
128
87
60
133
124
106
176
118
101
160
160
85
165
4
52
108
137
199
196
36
50
79
121
114
150
142
151
153
130
45
34
77
89
135
144
148
225
126
119
33
119
111
160
185
143
91
145
73
97
92
145
144
174
175
192
192
101
63
65
82
141
184
167
138
148
83
142
41
114
191
138
166
186
61
117
52
54
120
142
153
166
108
69
118
124
117
55
118
88
129
213
129
109
43
66
118
124
155
88
107
159
100
199
89
33
138
127
182
167
182
109
71
75
75
89
223
123
197
164
78
206
123
77
157
81
171
124
120
176
77
123
87
83
161
151
243
110
153
97
80
88
39
81
197
101
184
104
92
114
83
111
103
114
228
122
82
61
35
126
111
120
141
114
195
81
157
44
71
179
