1221
589
112 23 17 12 12 
111
142
143
128
126
125
100
74
80
105
114
115
132
150
137
105
94
99
92
82
100
132
142
128
124
128
112
82
78
100
113
111
122
144
142
114
96
101
99
86
92
122
139
129
121
127
121
93
80
96
113
110
113
135
143
121
100
102
106
92
88
112
134
129
118
124
126
104
84
93
112
111
107
124
141
127
104
102
110
100
88
103
128
129
116
119
128
114
90
92
111
113
105
115
135
131
108
102
112
109
92
97
121
129
115
113
126
122
99
92
109
117
106
107
126
132
113
102
112
116
100
95
114
127
116
108
120
126
107
94
107
119
109
102
117
130
117
102
110
120
108
96
109
125
117
104
113
126
115
98
105
121
115
101
109
125
119
102
106
122
117
101
105
122
119
103
105
122
120
103
104
121
121
104
102
119
120
103
102
120
124
108
103
119
122
104
98
115
122
109
104
120
127
110
99
112
119
105
98
116
128
116
105
116
123
107
94
106
121
113
104
118
131
117
99
105
117
107
95
109
129
124
109
114
124
112
92
98
117
116
106
115
133
126
104
101
113
109
94
102
125
130
115
113
124
117
94
90
109
117
108
112
132
134
111
99
108
109
94
94
119
133
121
114
124
123
99
86
101
115
110
109
129
139
120
101
104
110
96
89
110
132
128
116
123
127
107
85
93
111
111
107
123
141
130
106
102
109
99
86
100
128
132
120
122
130
115
88
86
105
111
105
117
140
139
114
102
108
102
85
91
120
134
124
122
131
124
95
82
97
109
104
111
136
144
123
104
107
105
87
84
110
132
128
122
131
131
104
82
90
106
104
105
129
147
133
109
106
108
92
80
99
127
131
123
130
136
115
86
85
101
104
101
120
145
141
116
107
110
97
79
88
119
131
124
127
138
125
94
82
96
103
98
111
139
146
125
109
111
104
82
81
108
129
125
125
138
134
104
83
91
102
97
102
130
148
133
114
113
110
88
76
97
123
126
123
135
141
116
88
88
100
97
96
120
145
140
119
114
115
96
76
87
116
125
121
131
143
128
96
87
98
98
92
108
139
144
125
116
118
105
80
80
106
122
119
125
142
137
107
89
96
99
90
98
129
145
131
118
121
114
88
76
97
118
118
120
138
144
118
94
95
101
91
90
117
141
136
121
122
121
98
77
88
112
116
114
131
146
130
101
95
102
94
86
104
134
138
124
122
127
109
82
82
104
114
110
122
144
139
111
98
103
99
85
93
124
138
127
122
130
120
91
80
97
111
107
114
137
144
121
102
105
104
87
85
111
133
129
121
130
129
103
82
91
107
105
106
128
145
131
109
107
109
93
81
99
126
129
121
128
136
116
88
88
103
104
99
117
142
139
116
109
114
101
81
89
116
127
120
125
138
128
98
87
99
103
95
106
134
143
124
113
117
110
86
81
105
122
119
120
137
138
111
91
97
103
93
95
123
142
132
117
120
118
94
78
94
116
117
116
133
144
124
97
96
103
94
88
110
137
137
122
122
125
105
80
85
107
114
111
126
146
136
108
97
103
96
83
96
128
138
127
124
131
117
87
79
98
109
107
118
143
145
120
102
104
99
82
85
115
136
130
126
134
128
97
78
89
104
103
109
136
151
132
109
106
103
84
76
101
130
132
127
136
138
111
81
83
98
99
101
126
151
143
118
109
108
90
72
87
119
132
128
136
145
125
90
79
92
96
94
114
146
151
129
114
113
97
72
75
106
127
128
134
148
138
102
80
86
92
88
102
137
155
140
121
117
105
77
67
92
120
126
131
148
149
117
85
82
89
85
91
124
154
149
129
122
114
85
63
79
110
123
128
146
157
133
95
82
86
82
82
110
147
155
138
128
122
96
65
67
97
118
124
140
160
147
108
84
84
81
75
95
136
157
146
133
129
108
72
60
84
110
119
134
159
159
124
91
84
82
72
81
122
154
152
139
135
120
83
58
72
100
113
126
153
166
140
101
86
83
71
71
105
146
156
145
140
131
96
61
62
89
107
118
145
169
154
115
91
85
73
64
89
134
156
149
144
140
111
69
56
78
100
111
135
166
166
130
98
88
77
61
74
118
151
153
147
146
126
82
55
68
92
104
124
158
172
145
108
92
81
62
63
101
143
154
149
150
139
98
60
60
83
97
113
147
174
159
121
98
87
67
56
84
130
152
150
152
149
115
70
56
75
91
103
134
169
169
134
106
93
74
54
69
114
146
151
152
155
131
83
57
67
85
95
120
160
174
148
115
100
82
57
58
98
138
149
151
158
144
100
62
62
79
89
107
147
174
159
125
106
91
64
52
82
126
145
149
157
154
117
72
60
74
84
96
132
169
168
136
113
100
74
52
68
111
140
146
154
160
134
86
62
70
81
88
117
159
172
147
121
107
85
56
58
96
131
142
150
161
147
102
68
68
78
82
103
145
171
156
128
114
96
65
53
82
121
137
144
159
157
119
77
68
77
80
91
129
165
162
136
120
106
77
54
70
109
132
139
153
161
135
90
70
76
79
83
114
155
165
143
125
115
90
59
62
97
125
133
146
161
147
104
75
76
80
79
100
142
164
149
129
121
102
69
58
86
117
128
138
157
155
119
83
78
82
79
89
126
158
154
133
125
113
81
59
76
109
124
130
149
159
133
94
80
85
81
82
112
149
155
137
127
121
95
65
69
100
119
124
140
157
143
105
84
87
85
79
98
137
154
140
128
125
107
75
67
92
115
119
130
152
150
117
90
89
90
81
89
124
149
142
128
127
118
87
68
85
110
116
121
143
153
128
97
91
95
85
83
