1963
938
125 6 6 5 5 4 4 3 3 3 
124
118
112
108
105
104
105
108
112
117
123
129
134
139
143
145
146
145
142
139
134
129
124
119
115
111
109
109
109
111
113
116
119
122
125
127
127
127
125
122
119
114
110
106
103
101
100
101
103
108
113
120
128
136
144
151
157
161
164
164
162
158
152
145
137
129
121
114
108
104
102
101
103
107
112
118
124
131
136
141
145
147
147
145
142
138
133
127
121
116
112
109
107
107
107
110
113
116
120
123
126
128
128
127
125
122
118
114
110
106
102
100
100
102
105
110
116
124
132
140
148
155
161
164
166
165
162
157
151
143
134
125
117
110
105
101
99
100
102
106
112
119
125
132
138
143
146
147
147
145
141
136
131
125
119
114
110
107
105
105
107
109
113
116
120
124
126
128
128
128
125
122
118
114
110
106
103
102
102
104
107
113
120
127
136
144
151
158
163
166
166
165
161
155
148
140
131
122
114
108
102
99
98
99
102
107
113
120
127
133
139
143
146
147
146
143
139
134
129
123
117
112
108
106
105
105
107
110
113
117
121
124
127
128
128
127
125
122
118
114
110
107
105
104
105
107
111
117
123
131
139
147
153
159
163
165
165
163
158
152
145
136
128
120
112
106
102
99
99
100
104
109
115
121
128
134
139
142
145
145
144
141
137
132
126
121
116
111
108
106
105
106
108
111
114
118
121
124
126
128
128
127
125
122
118
115
112
109
107
107
108
111
115
121
127
134
141
148
154
159
162
163
162
159
154
148
141
133
125
117
111
106
102
100
100
102
106
111
116
122
128
133
138
141
142
142
141
138
134
129
124
119
115
111
108
107
107
107
109
112
115
118
122
124
126
127
127
126
124
122
119
116
114
112
111
111
113
116
120
125
131
137
143
149
153
157
159
159
157
154
149
144
137
130
123
116
111
106
104
103
103
105
108
113
118
123
128
132
136
138
139
139
137
135
131
127
123
119
115
112
110
109
109
110
111
114
116
119
122
124
125
126
126
125
124
122
120
118
116
115
115
116
118
120
124
129
134
139
143
148
151
153
154
154
152
149
144
139
133
127
121
116
112
108
106
106
107
108
111
115
119
123
127
131
133
135
136
135
134
131
128
125
122
119
116
113
112
111
111
112
114
115
118
120
122
123
124
125
125
124
123
122
121
120
119
119
119
120
122
125
128
131
135
139
143
146
148
149
149
148
146
143
139
135
130
125
121
117
114
111
110
110
110
112
114
117
120
123
126
128
130
131
132
131
130
128
126
124
121
119
117
115
114
114
114
115
116
117
119
120
122
123
124
124
124
124
124
123
123
122
122
122
123
124
126
128
131
133
136
139
141
142
144
144
144
142
140
138
135
131
128
124
121
118
116
115
114
114
114
115
117
119
121
123
125
126
127
128
128
127
127
126
124
123
121
120
119
118
117
117
117
117
118
119
120
121
122
122
123
123
124
124
124
124
124
125
125
126
127
128
129
131
132
134
136
137
138
139
139
139
138
137
135
133
131
129
127
124
122
120
119
118
118
117
118
118
119
120
121
122
123
124
124
124
124
124
124
123
123
122
121
121
120
120
120
120
120
120
120
121
121
121
122
122
123
123
124
124
125
125
126
127
127
128
129
130
131
132
133
134
134
135
135
135
134
134
133
132
131
130
129
127
126
125
124
123
122
121
121
121
121
120
121
121
121
121
121
121
121
122
122
122
122
122
122
122
122
122
122
122
122
122
122
122
122
122
122
122
122
123
123
124
124
125
126
126
127
128
129
130
131
131
132
132
132
132
132
132
131
131
130
130
129
129
128
127
127
127
126
126
125
125
125
124
124
123
123
122
122
121
121
120
120
120
120
120
120
120
121
121
122
122
123
123
123
124
124
124
124
124
123
123
123
123
123
123
124
124
125
126
127
127
128
129
130
131
131
131
131
131
131
130
130
129
128
128
127
127
126
126
126
126
126
127
127
127
127
127
127
126
126
125
124
123
122
121
120
120
119
119
118
119
119
119
120
121
122
122
123
124
124
125
125
125
125
125
125
124
124
124
124
124
125
125
126
126
127
128
129
129
130
130
130
130
130
129
129
128
127
126
126
125
125
125
125
125
126
126
127
127
128
128
129
129
128
128
127
126
125
124
123
121
120
119
119
118
118
118
119
119
120
121
122
123
124
124
125
125
126
126
126
126
125
125
125
125
125
125
126
126
127
127
128
128
129
129
129
129
129
128
128
127
126
125
125
124
124
124
124
124
125
125
126
127
128
128
129
129
129
129
129
128
127
126
125
124
123
122
121
120
119
119
119
119
119
120
121
121
122
123
124
124
125
125
125
126
126
126
126
126
126
126
127
127
127
127
128
128
128
128
128
128
127
127
126
126
125
124
124
123
123
123
123
124
124
125
126
126
127
128
129
129
130
130
130
129
129
128
127
126
125
124
123
122
121
121
120
120
120
120
120
121
121
122
122
123
123
124
124
124
125
125
126
126
126
127
127
127
128
128
128
128
128
128
127
127
126
126
125
124
123
123
122
122
122
122
122
123
123
124
125
126
127
128
129
129
130
130
130
130
129
129
128
127
127
126
125
124
124
123
123
122
122
122
122
122
122
122
122
122
122
122
122
123
123
123
124
124
125
126
127
127
128
128
129
129
129
129
128
127
127
126
125
124
123
122
121
121
120
120
121
121
122
123
124
126
127
128
129
130
130
130
131
130
130
129
129
128
127
126
126
125
125
125
124
124
124
124
124
124
124
124
123
123
122
122
122
121
121
121
122
122
123
123
124
125
126
127
128
129
129
129
129
129
128
127
125
124
123
122
121
120
119
119
119
120
121
122
123
125
126
128
129
130
131
131
131
131
131
130
129
129
128
127
126
126
125
125
125
125
125
126
126
126
126
126
126
125
124
124
123
122
121
121
120
120
120
121
121
122
123
125
126
127
128
129
129
129
129
128
127
126
124
123
121
120
119
119
118
119
119
120
121
123
125
126
128
129
131
131
132
132
132
131
131
130
129
128
127
126
126
125
125
125
126
126
127
127
127
128
128
127
127
126
125
124
123
122
121
120
119
119
119
120
120
121
122
124
125
126
127
128
128
128
127
127
126
124
123
122
121
120
119
119
119
119
120
122
123
125
126
128
130
131
132
132
132
132
132
131
130
129
128
127
126
126
125
125
126
126
127
127
128
128
129
129
129
128
128
127
125
124
123
121
120
119
119
118
118
119
119
120
121
122
124
125
125
126
126
126
126
125
124
123
122
121
121
120
120
120
121
121
123
124
125
127
128
130
131
132
132
132
132
131
131
130
129
128
127
127
126
126
126
126
127
127
128
128
129
129
130
129
129
128
127
126
125
124
122
121
120
119
118
118
118
118
119
119
120
121
122
122
123
123
124
124
123
123
123
122
122
122
122
122
122
123
124
125
126
127
128
129
130
131
131
131
131
131
130
130
129
128
128
127
127
127
127
127
127
128
128
129
129
130
130
130
130
129
128
128
127
125
124
123
122
121
120
119
118
118
118
118
118
118
119
119
119
120
120
120
120
121
121
121
122
122
123
124
125
125
126
127
128
129
130
130
131
131
131
131
130
130
129
128
128
127
127
127
127
127
127
128
128
129
129
130
130
130
130
130
130
130
129
128
127
126
125
124
123
122
121
120
120
119
119
119
118
118
117
117
117
117
116
116
116
117
117
118
119
120
121
123
125
127
128
130
132
133
134
134
134
134
133
132
131
130
128
127
126
125
125
124
125
125
126
127
128
129
130
131
132
132
132
132
132
131
130
128
127
126
125
124
123
122
121
121
121
121
120
120
120
119
119
118
117
116
115
114
113
113
113
113
114
115
117
119
122
125
128
131
133
136
138
139
139
139
138
137
135
132
130
128
125
123
122
121
121
121
122
124
125
127
129
131
133
134
135
135
135
134
132
131
129
127
125
123
122
121
120
120
120
120
121
121
121
122
121
121
120
118
117
115
113
111
110
109
109
109
111
113
116
119
123
127
132
136
139
142
144
145
145
144
142
139
135
132
128
124
121
119
117
117
117
118
120
123
126
129
132
134
136
137
138
138
137
135
132
130
127
124
122
120
118
117
117
118
118
120
121
122
123
123
123
122
121
119
116
114
111
109
107
106
105
106
108
111
115
120
125
131
136
141
145
148
150
151
150
148
144
140
135
130
125
121
117
114
113
112
113
115
119
122
126
130
134
137
139
141
141
140
138
135
132
128
125
121
118
116
115
114
115
116
117
119
121
123
124
125
124
123
121
119
116
112
109
106
104
103
103
104
107
111
116
122
129
135
141
147
152
155
156
156
154
150
146
140
134
127
121
116
112
109
108
108
110
113
118
122
127
132
137
140
143
144
143
142
139
135
131
126
122
118
115
113
111
111
112
114
116
119
122
124
125
126
126
124
122
119
115
111
107
104
102
101
101
103
107
112
118
125
132
140
147
153
157
160
161
160
157
152
146
139
132
