1051
526
122 13 13 12 12 12 10 10 10 10 10 10 9 9 9 9 9 9 9 9 9 9 9 9 9 9 9 9 9 9 9 9 8 8 8 8 8 8 8 8 8 8 8 8 8 8 8 8 8 8 8 8 8 8 8 8 7 7 7 7 7 7 7 7 7 7 7 7 7 7 7 7 7 7 7 7 7 7 7 7 7 7 7 7 7 7 7 7 7 7 7 7 7 7 7 7 6 6 6 6 
167
40
169
80
133
82
210
37
89
75
96
213
224
94
172
15
182
168
65
71
115
177
157
58
146
69
128
131
112
214
172
210
116
102
173
200
51
123
44
121
67
229
144
24
19
69
64
157
110
143
155
155
189
107
54
9
34
98
197
190
86
101
114
86
210
208
212
118
93
157
86
122
207
19
136
121
198
23
83
132
47
130
87
140
183
61
186
229
104
201
113
125
141
149
66
114
131
110
158
134
71
147
109
51
23
54
96
122
44
177
58
193
162
30
119
56
146
225
67
129
19
106
70
146
44
145
98
203
173
98
123
123
128
78
78
114
85
145
148
116
94
47
119
112
164
205
145
159
240
150
131
36
149
110
176
215
178
117
159
112
46
196
109
59
135
62
115
73
74
81
163
110
113
34
184
222
12
105
253
247
25
146
78
175
116
155
107
245
86
17
98
137
224
162
176
43
164
16
190
146
172
171
90
250
98
128
178
140
96
204
74
55
225
79
163
114
162
138
142
62
59
254
193
188
243
39
22
100
141
172
255
28
151
11
99
9
144
160
56
117
136
105
141
57
15
41
201
121
52
53
134
83
147
94
127
87
100
249
185
110
207
252
22
122
85
112
174
113
160
90
205
105
214
105
56
170
179
129
116
220
132
88
135
157
117
88
145
82
237
141
125
94
164
171
144
71
74
168
207
44
9
95
133
215
48
115
221
176
176
128
18
69
107
253
84
132
22
111
121
162
140
145
101
230
32
62
126
125
116
219
56
146
169
219
96
106
124
68
51
122
190
192
97
135
91
171
128
54
215
163
212
169
50
207
38
71
106
81
150
151
214
104
76
100
42
78
201
181
112
66
208
181
96
40
65
152
145
175
136
47
98
179
14
111
62
136
228
69
152
139
49
161
124
97
95
198
110
106
3
75
165
193
133
173
66
212
198
165
124
106
94
176
86
216
200
107
179
100
227
137
58
61
26
213
66
114
150
26
137
102
86
135
168
2
121
113
182
43
125
96
196
146
88
82
186
240
112
117
133
113
111
251
159
97
83
69
143
109
145
72
107
81
94
111
52
216
236
71
96
158
8
158
113
166
198
130
127
125
101
99
159
165
162
211
48
65
197
91
145
112
237
202
104
175
194
113
162
118
165
73
140
22
42
204
190
108
89
147
169
40
98
139
128
236
86
246
186
178
154
112
255
161
57
79
172
202
208
100
157
96
92
179
75
133
171
93
213
42
188
143
19
203
182
206
115
113
80
145
94
253
146
202
182
99
172
78
151
106
1
67
193
88
204
152
178
113
106
207
52
126
71
87
137
128
249
22
122
154
174
203
161
134
129
127
128
143
162
209
77
15
209
177
120
63
96
179
62
141
115
79
178
231
40
132
104
126
84
175
148
7
223
188
46
44
91
168
20
156
208
58
47
114
91
215
108
243
141
117
130
89
156
13
62
133
127
139
42
89
169
108
132
135
159
8
81
150
186
7
189
96
115
84
172
94
110
44
168
160
137
38
188
158
43
237
99
117
94
80
105
196
190
191
193
40
84
226
217
133
119
58
90
174
112
190
110
165
103
156
124
110
110
173
133
253
105
121
59
74
160
35
133
179
72
183
33
61
64
141
239
102
132
91
99
239
139
75
138
100
122
94
52
61
111
202
134
94
130
212
229
141
159
145
191
38
165
158
30
87
173
190
54
186
73
136
195
101
106
137
76
172
162
132
78
145
164
194
111
96
170
90
147
32
10
208
226
115
144
77
51
200
55
192
219
82
80
91
53
136
27
49
59
195
173
125
54
171
174
190
146
147
67
144
164
153
89
140
95
239
103
40
195
186
168
67
60
130
95
224
113
109
194
47
166
66
62
148
114
185
120
225
130
35
49
217
189
226
197
133
133
44
210
69
87
75
214
247
53
80
58
230
192
148
57
226
133
198
104
51
135
8
61
158
125
163
100
179
85
154
162
65
139
159
169
184
73
125
185
45
122
89
179
190
203
105
99
96
73
36
118
183
132
233
225
111
253
133
89
93
175
94
139
179
163
60
113
251
69
108
130
182
159
21
137
134
139
100
191
218
73
155
66
37
8
100
96
69
128
177
230
62
116
67
86
50
120
200
172
57
242
132
89
58
185
187
123
184
131
236
138
32
62
81
71
174
203
113
109
86
188
111
68
201
107
88
121
60
65
27
75
205
136
123
129
137
53
121
105
218
68
240
59
111
233
101
32
50
21
179
67
156
44
78
98
59
106
123
71
170
155
170
158
13
61
17
94
132
83
215
96
169
118
33
246
158
52
196
111
240
83
123
94
83
130
251
88
140
184
204
61
162
120
38
78
11
51
34
103
178
62
146
89
32
133
198
28
8
50
131
73
207
75
103
158
184
65
221
98
184
174
100
193
