1298
618
122 21 19 6 4 4 4 4 4 3 3 3 3 3 3 3 2 2 2 2 2 2 2 2 2 2 2 2 1 1 1 1 1 1 1 1 1 1 1 1 1 1 1 1 1 1 1 1 1 1 1 1 1 1 1 1 1 1 1 1 1 1 1 1 1 1 1 1 0 0 0 0 0 0 0 0 0 0 0 0 0 0 0 0 0 0 0 0 0 0 0 0 0 0 0 0 0 0 0 0 0 0 0 0 0 0 0 0 0 0 0 0 0 0 0 0 0 0 0 0 0 0 0 0 0 0 0 0 0 0 0 0 0 0 0 0 0 0 0 0 0 0 0 0 0 0 0 0 0 0 0 0 0 0 0 0 0 0 0 0 0 0 0 0 0 0 0 0 0 0 0 0 0 0 0 0 0 0 0 0 0 0 0 0 0 0 0 0 0 0 0 0 0 0 0 0 0 0 0 0 0 0 0 0 0 0 0 0 0 0 0 0 0 0 0 0 0 0 0 0 0 0 0 0 0 0 0 0 0 0 0 0 0 0 0 0 0 0 0 0 0 0 0 0 0 0 0 0 0 0 0 0 0 0 0 0 0 0 0 0 0 0 0 0 0 0 0 0 0 0 0 0 0 0 0 0 0 0 0 0 0 0 0 0 0 0 0 0 0 0 0 0 0 0 0 0 0 0 0 0 0 0 0 0 0 0 0 0 0 0 0 0 0 0 0 0 0 0 0 0 0 0 0 0 0 0 0 0 0 0 0 0 0 0 0 0 0 0 0 0 0 0 0 0 0 0 0 0 0 0 0 0 0 0 0 0 0 0 0 0 0 0 0 0 0 0 0 0 0 0 0 0 0 0 0 0 0 0 0 0 0 0 0 0 0 0 0 0 0 0 0 0 0 0 0 0 0 0 0 0 0 0 0 0 0 0 0 0 0 0 0 0 0 0 0 0 0 0 0 0 0 0 0 0 0 0 0 0 0 0 0 0 0 0 0 0 0 0 0 0 0 0 0 0 0 0 0 0 0 0 0 0 0 0 0 0 0 0 0 0 0 0 0 0 0 0 0 0 0 0 0 0 0 0 0 0 0 0 0 0 0 0 0 0 0 0 0 0 0 0 0 0 0 0 0 0 0 0 0 0 0 
84
51
65
107
138
135
124
107
126
152
166
156
147
115
78
67
91
131
138
119
99
102
126
151
172
161
139
108
88
78
103
130
125
108
96
108
138
159
248
161
126
93
81
95
122
125
116
97
109
139
160
163
161
135
104
82
87
104
130
135
123
102
108
137
160
159
149
124
99
71
95
117
137
134
123
109
120
138
155
158
156
127
90
59
81
119
143
134
119
113
123
138
153
160
147
123
85
70
87
115
139
127
115
123
134
155
169
166
143
95
56
60
93
134
149
128
115
117
133
145
171
171
134
92
63
69
100
130
131
113
113
125
143
153
162
163
121
77
61
89
120
138
129
104
105
126
153
173
164
143
104
68
75
100
126
122
108
103
119
134
160
170
160
120
81
65
92
127
141
131
107
106
126
142
158
162
137
110
84
84
104
129
135
114
102
122
135
149
165
162
129
87
76
89
119
136
132
113
109
127
135
148
162
160
126
89
75
84
114
133
131
122
119
130
145
156
158
148
106
75
73
101
134
136
129
127
123
122
138
144
164
132
105
73
82
104
139
145
130
116
115
114
142
168
160
135
85
64
81
118
146
134
120
121
123
129
150
165
146
109
71
64
84
126
138
129
120
119
130
146
166
157
120
72
55
88
123
152
143
109
102
105
128
154
171
160
121
74
65
90
124
143
133
105
97
111
143
161
172
145
97
62
72
108
136
133
119
111
113
133
152
164
152
127
92
69
77
115
138
128
121
115
115
138
153
159
142
108
82
72
100
121
131
130
131
130
126
129
145
152
140
106
86
83
101
125
137
129
120
119
123
140
152
154
130
96
86
86
103
127
130
123
124
118
132
157
166
153
119
80
69
84
104
131
141
134
125
117
136
155
151
139
104
77
81
102
125
138
136
129
122
117
141
151
156
118
84
69
97
125
137
135
126
112
102
131
160
171
147
104
70
66
95
129
143
131
111
107
114
140
176
183
139
88
48
65
101
133
142
137
124
122
134
154
166
157
111
73
72
89
118
136
140
136
120
112
132
149
164
145
114
79
79
100
131
130
125
120
114
126
145
168
170
145
100
76
80
96
116
131
137
129
127
130
146
166
148
113
89
79
96
119
134
136
139
125
125
128
151
158
142
103
74
85
109
130
144
138
132
111
109
130
156
165
134
100
72
86
115
137
145
141
120
105
119
141
168
156
125
80
69
87
118
138
147
135
122
110
5
157
170
140
92
51
57
100
144
160
145
132
107
100
125
161
169
134
92
68
76
105
146
153
144
120
96
108
146
170
166
127
84
74
83
108
128
139
131
118
124
136
159
170
144
104
73
74
99
128
142
144
123
121
125
151
166
154
125
86
81
90
112
126
139
143
133
116
130
150
160
147
114
90
92
101
122
130
131
130
114
114
138
149
161
143
110
93
90
104
121
130
131
119
110
115
142
171
167
129
100
76
84
100
127
143
136
125
113
121
147
160
148
120
93
92
94
108
127
141
136
116
110
127
147
162
146
108
92
92
96
113
131
127
122
109
122
148
165
164
133
97
81
87
94
119
131
135
116
107
131
164
181
158
122
72
66
79
100
133
144
134
122
118
149
163
161
133
96
79
87
100
117
132
127
119
116
126
154
176
159
119
89
86
89
96
123
134
132
121
120
121
148
167
156
119
97
91
89
107
132
141
131
114
109
125
153
155
152
116
109
103
99
102
119
135
132
119
120
139
152
148
131
113
102
105
107
111
117
131
123
118
125
141
150
141
125
115
107
96
98
115
126
125
124
116
140
149
154
140
119
106
96
97
104
113
116
119
119
130
151
178
162
128
88
69
72
104
135
148
134
106
108
123
153
167
148
113
91
80
86
114
130
145
130
113
118
129
150
151
137
111
92
88
97
107
123
136
137
124
127
128
143
144
125
108
97
95
109
125
132
125
110
113
131
157
166
145
114
91
76
77
110
132
143
152
130
121
127
141
148
145
115
105
96
88
97
110
127
133
241
141
138
144
138
128
128
119
105
77
82
97
125
137
142
164
156
150
133
118
116
111
108
100
99
95
95
102
130
165
185
179
145
108
80
76
105
123
133
120
97
91
121
159
179
169
146
108
92
85
103
125
130
119
102
97
127
151
160
149
129
106
92
84
103
133
147
137
111
99
102
132
143
141
136
113
99
101
117
129
134
119
115
121
130
138
125
114
104
98
103
119
143
153
142
117
108
114
132
131
114
102
100
111
127
125
126
119
130
127
138
137
139
132
121
111
98
90
96
106
126
135
130
138
150
145
135
122
111
117
104
104
98
96
109
119
130
143
161
168
154
125
97
84
92
110
123
127
112
103
107
128
159
171
159
132
107
88
99
111
133
128
109
92
97
127
157
176
163
137
107
90
86
101
130
145
140
105
89
105
129
155
163
137
116
94
104
116
136
143
123
106
105
105
126
131
136
128
111
106
127
135
142
140
112
112
107
119
116
106
102
113
130
136
136
134
126
111
115
120
129
138
126
105
93
88
111
128
143
140
129
124
130
135
139
126
123
107
96
96
100
121
130
142
132
125
133
145
155
141
124
98
93
91
109
120
130
126
125
128
139
146
146
133
117
108
102
108
119
125
119
107
111
118
149
167
159
145
118
108
97
97
116
123
132
119
109
106
118
143
153
144
138
120
107
102
111
124
130
113
110
106
124
125
142
145
138
123
113
111
129
133
135
119
114
108
102
105
112
129
148
147
145
130
118
107
107
107
125
130
124
115
112
114
121
118
129
138
130
120
115
119
123
140
130
114
99
104
102
114
132
134
247
125
108
104
124
148
150
135
106
95
85
96
123
141
141
126
120
131
135
133
133
126
119
104
96
84
35
116
125
123
128
140
154
150
139
116
110
100
97
100
112
121
133
133
130
138
147
144
139
119
109
99
107
127
249
125
108
104
118
131
147
145
143
130
113
26
106
124
146
133
115
100
110
123
124
128
133
125
