1963
938
125 6 6 5 5 4 4 3 3 3 3 3 2 2 2 2 2 2 2 2 2 2 2 2 2 2 2 1 1 1 1 1 1 1 1 1 1 1 1 1 1 1 1 1 1 1 1 1 1 1 
143
146
139
124
114
110
110
108
104
104
111
116
118
117
118
128
138
139
135
134
137
141
142
137
131
134
134
127
120
114
109
110
108
99
97
103
103
103
106
110
119
132
131
122
124
129
130
128
119
108
110
116
113
111
119
131
147
159
159
164
180
191
189
179
166
157
154
140
114
94
88
89
90
84
78
85
106
125
135
140
146
155
163
161
154
149
143
135
122
108
102
101
99
95
94
99
108
115
114
116
127
136
139
134
126
124
129
126
114
105
103
104
104
97
88
96
114
124
125
126
134
153
174
179
173
174
179
180
173
157
140
132
126
112
96
87
85
88
92
94
104
120
133
137
140
148
159
165
157
140
130
128
125
116
101
94
97
104
105
102
105
117
131
134
129
125
127
132
129
117
107
106
108
105
97
91
95
106
113
112
112
119
128
135
140
144
152
160
160
156
158
165
168
161
146
134
133
131
120
102
90
92
100
102
95
93
106
128
143
145
143
148
159
162
154
141
134
131
125
110
96
92
98
104
102
98
101
112
123
125
123
123
126
128
121
113
109
109
109
105
99
100
105
107
105
106
114
125
133
131
128
137
152
163
164
160
159
165
168
159
146
138
133
125
111
94
86
90
94
92
92
100
116
133
140
140
148
162
169
163
148
133
130
132
122
106
94
92
97
102
100
100
110
121
124
123
119
120
125
124
115
107
104
103
102
98
95
98
105
108
109
112
118
127
133
136
143
154
159
159
158
160
169
174
164
146
135
132
131
122
102
85
86
94
95
93
92
101
123
141
142
142
149
157
163
161
147
136
134
127
114
105
99
98
104
103
97
100
108
113
118
121
118
119
121
116
113
115
115
111
107
102
103
110
111
106
106
113
122
129
128
126
135
150
162
164
160
158
164
169
164
154
144
135
129
119
104
98
98
97
97
98
100
111
125
129
133
142
147
150
150
141
132
134
132
122
114
108
103
107
109
104
107
117
119
118
118
116
120
129
126
115
111
110
110
114
111
103
105
111
112
113
116
118
124
134
137
140
146
149
151
155
158
160
161
155
145
140
139
137
131
120
111
110
111
110
109
109
113
122
124
123
126
131
135
139
135
129
129
131
125
121
119
115
119
122
114
108
113
115
118
122
118
112
117
119
116
119
122
119
121
122
116
119
126
125
123
126
124
124
131
131
127
132
137
137
142
143
139
141
146
146
147
148
141
134
133
132
132
131
124
116
115
118
120
121
118
117
121
126
128
125
122
126
131
131
126
121
118
120
124
121
116
117
118
120
122
120
116
123
129
127
126
123
117
121
130
128
123
121
117
119
130
131
126
127
130
131
139
141
132
131
139
141
142
141
131
126
135
139
135
132
127
123
129
132
126
124
127
127
128
128
123
122
128
131
128
125
123
121
124
126
124
121
121
121
121
122
122
120
121
125
127
126
125
121
119
124
130
127
123
120
118
123
131
131
127
129
132
132
136
136
131
134
138
132
128
129
125
124
127
124
121
128
130
125
127
130
132
138
141
133
129
133
133
131
133
128
123
125
125
119
120
125
124
124
124
120
120
128
128
123
125
126
125
127
126
121
122
128
127
124
125
123
121
124
125
124
127
128
122
120
124
129
132
133
128
123
129
135
133
130
128
127
130
133
127
121
124
129
129
129
126
123
126
131
128
126
131
132
128
127
125
123
130
134
127
123
126
126
127
130
126
123
130
130
121
121
124
122
126
126
116
116
125
124
119
121
121
122
131
129
118
119
127
128
130
130
121
120
128
127
125
130
129
124
126
125
123
128
129
122
120
125
127
127
125
121
124
134
138
131
125
125
131
135
133
124
119
123
128
124
116
117
123
129
131
124
116
124
135
134
129
123
117
121
129
122
113
117
119
119
126
124
116
124
130
126
130
134
124
120
125
121
122
130
121
109
116
121
121
127
124
115
125
135
128
124
128
127
133
140
128
120
128
133
131
129
122
117
125
128
117
112
114
120
126
125
117
116
124
132
135
131
127
129
129
126
124
121
119
121
117
108
112
118
117
120
122
119
127
136
128
124
130
129
128
134
123
113
122
124
116
121
124
117
122
125
114
119
133
127
120
124
118
120
135
130
117
126
132
128
132
128
116
125
135
125
118
118
114
118
126
117
112
123
127
124
123
119
120
131
133
123
117
115
118
124
123
117
118
121
123
127
125
124
131
130
125
129
129
123
126
124
117
125
132
121
117
120
117
125
135
121
111
122
122
119
128
121
113
129
133
119
123
129
123
131
135
117
114
127
120
114
121
113
111
127
123
112
122
128
124
132
132
121
125
130
120
119
127
123
122
123
114
116
130
132
127
125
121
125
134
130
121
121
122
127
132
123
116
124
129
131
135
126
120
129
128
120
125
124
115
121
121
109
116
126
117
119
127
117
117
129
120
116
132
126
115
125
124
117
133
134
116
123
134
124
125
127
111
116
135
126
114
120
116
121
142
138
123
131
136
132
139
135
122
126
132
122
118
120
116
121
128
123
123
129
128
129
131
126
128
132
125
120
120
115
118
125
119
117
125
120
117
127
125
122
131
124
111
121
125
117
124
125
113
123
135
122
122
133
125
127
140
125
116
132
130
122
134
132
122
137
140
122
130
141
132
134
135
115
116
133
127
120
124
118
118
135
132
121
128
131
128
134
130
117
120
125
121
122
122
116
120
124
121
126
130
126
128
128
120
122
126
118
120
126
118
119
126
120
125
140
134
126
135
131
128
141
133
116
126
133
123
129
128
112
126
145
133
128
134
123
128
147
136
121
132
129
122
134
131
117
130
135
121
124
129
117
121
128
116
114
124
117
113
123
121
122
133
131
125
132
134
130
134
131
126
131
128
118
119
121
123
130
127
117
123
129
130
136
133
123
131
138
129
130
132
123
129
139
127
123
132
125
122
135
129
122
133
128
115
129
137
127
133
135
119
128
142
128
123
132
122
120
130
117
106
122
125
116
124
122
114
130
138
125
128
136
131
134
136
122
120
132
131
126
125
118
118
130
131
128
131
130
130
135
133
132
137
134
129
130
125
123
127
120
113
120
122
117
122
119
114
128
138
129
131
137
129
135
143
130
128
139
129
118
125
118
115
130
125
108
118
126
119
128
130
117
126
141
129
123
131
126
128
140
130
119
129
131
124
128
127
121
131
134
121
120
127
129
134
135
124
122
130
131
130
128
122
120
123
120
118
119
116
119
123
122
125
130
124
123
131
132
133
134
121
114
126
130
124
125
120
115
130
136
122
124
133
131
135
137
119
117
134
132
123
125
118
116
133
132
116
122
129
125
132
131
114
117
131
128
125
129
122
119
131
132
128
134
131
121
123
124
120
120
118
110
111
119
119
117
117
119
128
134
132
127
124
127
132
130
121
119
120
120
122
120
116
125
135
131
127
128
126
132
141
131
121
127
126
121
127
123
117
127
131
121
124
130
124
126
131
121
121
130
123
113
120
121
121
130
125
111
117
126
122
123
123
114
116
125
121
118
124
126
126
130
128
124
128
129
123
120
121
118
115
112
109
111
118
123
122
121
125
131
134
136
136
133
134
134
126
120
124
126
124
124
119
115
125
133
128
126
129
127
130
134
123
116
124
124
119
121
116
110
117
121
115
119
125
120
118
122
119
122
132
128
119
122
124
123
127
125
116
118
123
118
115
116
114
116
123
123
119
123
126
125
128
131
129
128
127
122
119
122
124
121
120
122
121
123
128
128
130
136
137
130
129
131
130
133
132
122
118
125
126
123
121
116
116
125
128
117
111
113
115
122
126
117
111
117
123
126
129
127
121
125
128
123
121
120
116
117
121
117
112
114
117
119
124
126
121
120
126
126
126
127
124
123
130
132
126
124
128
132
137
139
129
121
126
130
130
129
122
116
122
130
129
128
131
130
134
140
136
127
127
125
122
123
120
110
109
113
113
117
123
122
122
126
126
122
124
123
119
117
114
107
105
110
113
115
118
119
121
127
132
130
129
131
131
129
129
125
122
126
131
132
134
137
135
135
139
137
134
136
131
121
118
118
116
121
125
121
123
132
135
139
146
143
139
142
139
131
128
124
115
115
117
113
112
113
109
111
121
123
119
118
114
112
118
121
115
114
117
117
119
121
118
119
124
123
118
114
113
116
121
123
124
129
139
149
155
157
162
166
168
165
154
139
129
122
111
104
98
91
92
99
104
116
135
144
147
156
160
161
165
158
141
134
130
119
111
104
94
97
109
111
109
115
118
123
133
133
127
128
127
118
113
112
107
107
108
101
98
104
106
108
114
118
124
133
139
141
151
162
169
171
169
167
168
166
155
140
128
123
120
110
95
88
94
109
121
122
121
131
146
157
160
154
145
144
143
130
119
112
107
107
111
108
109
120
125
128
136
140
137
137
130
118
115
115
104
97
95
92
95
101
100
103
118
127
127
127
125
129
142
147
138
132
137
146
155
156
148
150
162
168
163
153
144
