1221
589
112 23 17 12 12 8 7 7 7 6 5 5 5 5 5 4 4 4 4 4 4 4 3 3 3 3 2 2 2 2 2 2 2 2 2 2 2 2 2 2 1 1 1 1 1 1 1 1 1 1 1 1 1 1 1 1 1 1 1 1 1 1 1 1 1 1 1 1 1 1 1 1 1 1 1 1 1 1 1 1 1 1 1 1 0 0 0 0 0 0 0 0 0 0 0 0 0 0 0 0 0 0 
117
144
132
121
127
134
109
96
105
123
118
110
113
119
122
115
119
130
130
104
112
124
123
115
129
130
125
116
124
129
111
98
116
140
136
128
130
131
113
115
126
129
123
112
109
123
133
130
135
133
131
117
108
106
123
127
129
126
130
121
119
125
124
113
122
127
124
117
119
123
130
120
122
126
121
108
116
125
131
126
125
120
120
121
119
119
124
122
115
124
128
135
126
112
108
122
124
126
126
126
126
126
124
113
112
118
128
127
128
119
124
128
126
126
126
112
104
112
123
140
140
130
116
116
110
114
118
132
126
123
121
128
126
115
98
112
128
130
128
128
119
121
118
113
107
115
121
129
125
120
113
119
122
125
127
122
108
106
110
117
134
131
121
121
122
112
114
120
122
117
119
130
132
124
107
107
115
123
123
135
124
122
129
128
109
109
115
123
127
118
119
124
131
127
132
127
118
101
105
112
133
135
125
121
131
116
111
122
122
110
112
126
139
129
110
106
112
108
115
129
134
117
119
128
119
103
102
110
125
121
105
114
129
125
121
127
123
106
86
88
116
135
132
123
131
119
102
99
111
102
110
120
142
145
126
98
100
98
95
116
137
137
125
127
125
117
97
101
116
128
106
107
130
137
124
132
134
122
103
87
98
129
138
130
129
128
120
115
113
116
117
118
120
138
140
117
104
112
101
107
132
142
137
136
133
122
98
85
107
129
119
116
134
141
123
125
131
128
108
94
81
110
133
137
131
137
126
121
107
103
111
110
107
126
146
128
112
108
106
97
117
129
128
127
133
125
111
90
93
117
116
108
124
134
123
122
126
129
121
97
73
84
119
131
132
136
133
115
107
99
107
109
96
104
138
139
121
110
98
89
101
115
126
133
136
123
114
96
87
93
115
111
123
128
123
113
120
117
131
123
92
79
96
109
120
137
138
128
112
109
108
116
101
94
113
136
132
129
116
96
98
104
114
130
138
128
129
120
102
95
108
111
111
117
121
124
129
131
133
138
111
86
88
96
105
134
146
139
125
113
112
122
108
92
98
121
129
138
139
124
94
89
91
114
125
129
140
155
118
89
91
104
105
106
109
122
132
124
128
141
137
100
81
82
89
107
133
144
141
122
103
118
117
92
85
112
121
131
135
132
105
85
86
112
124
116
121
147
141
96
82
97
113
113
104
106
126
115
100
123
154
139
102
78
79
86
100
122
147
140
113
105
125
105
78
80
106
122
144
141
125
95
74
85
111
107
104
133
155
137
102
94
98
97
86
89
118
136
116
111
144
150
126
86
71
74
92
105
145
159
133
99
112
123
108
85
92
110
127
139
138
125
96
85
106
120
102
113
139
146
127
110
103
103
92
87
107
138
136
115
116
139
138
117
88
81
83
87
108
158
157
120
104
120
113
88
74
90
111
124
142
148
124
84
78
98
100
92
110
134
138
128
102
100
100
90
76
103
120
119
97
115
140
146
111
87
73
67
69
112
157
148
119
115
116
99
81
73
89
106
124
149
155
121
85
81
94
92
86
109
147
160
134
102
103
101
77
78
117
133
117
99
119
151
151
119
96
79
66
77
116
150
144
126
119
119
113
99
85
88
98
115
148
146
114
91
107
107
92
75
112
145
146
115
116
118
100
68
87
120
120
98
93
124
157
151
121
102
73
52
68
117
147
139
120
118
122
114
103
90
82
82
116
153
139
102
105
116
98
70
79
127
152
133
118
129
119
79
62
96
126
111
87
99
140
158
144
134
115
59
28
67
119
142
136
136
134
125
102
99
79
66
75
132
154
132
103
116
110
82
56
80
133
145
117
120
142
113
65
62
106
119
87
73
109
142
141
144
150
112
44
37
75
107
115
128
137
146
129
114
101
71
48
83
139
154
129
114
122
110
65
47
97
154
145
123
146
149
91
51
75
120
119
83
93
133
148
145
163
144
86
36
55
90
120
129
145
150
143
116
110
95
57
55
116
165
155
123
112
125
96
45
55
122
146
123
133
166
144
73
51
86
121
89
63
93
139
141
160
172
131
55
22
45
93
116
131
153
153
120
100
100
71
33
62
137
173
149
115
112
112
56
15
66
132
136
127
157
171
120
40
43
101
117
69
67
109
130
128
162
173
123
54
29
59
91
96
115
153
144
122
122
115
66
34
65
131
157
130
120
138
121
39
21
77
125
122
144
174
172
90
30
62
120
94
63
83
118
127
147
178
169
102
34
27
66
86
100
148
176
145
122
115
84
40
37
98
165
156
114
127
143
95
34
49
95
113
116
152
182
153
73
53
104
112
65
53
82
108
141
179
202
156
64
14
41
66
74
115
166
165
134
137
121
66
10
37
115
162
123
122
157
145
67
32
47
78
88
120
182
201
124
48
61
97
79
58
76
94
104
139
184
188
114
38
38
65
56
72
122
146
139
147
161
124
37
243
41
125
143
127
160
178
114
37
22
52
70
86
143
216
184
91
59
84
77
55
60
80
88
113
176
214
173
71
23
31
47
59
118
150
150
136
147
138
85
1
3
88
147
142
152
177
142
55
12
38
69
81
119
193
206
124
65
72
77
63
75
87
84
80
124
193
207
132
57
35
38
43
83
137
154
139
138
149
132
54
252
36
110
126
145
183
186
115
43
26
49
54
77
150
208
178
110
91
86
70
64
87
83
71
73
142
208
196
115
70
47
31
42
96
145
148
130
136
147
107
42
29
80
112
119
145
164
141
90
58
64
80
72
96
146
163
129
109
108
107
89
91
96
81
56
79
151
198
168
125
98
66
45
74
