145.611130
24.177151
0.003369
4.536204
-30.634182
-1.571276
25.332546
-2.190558
4.344607
2.792881
16.463968
27.126095
-1.284334
4.297501
-5.813453
-56.702579
-11.784497
54.690136
-10.404005
27.695181
-9.971315
7.991885
-20.150011
-17.456766
-39.231628
0.065511
9.118073
4.886776
-37.056435
-4.010157
44.761089
22.234470
49.274532
17.681082
6.014741
72.493591
-14.844234
4.117567
12.542521
11.843535
-48.209915
-19.763634
23.259520
15.835362
19.687380
10.866000
22.506546
25.394735
9.808767
-27.810501
