1968.810547
-693.202209
338.859680
-173.053635
-278.892029
-233.752365
124.833260
147.361847
467.053925
339.627686
421.458496
68.034233
-238.563766
215.023285
664.242310
283.202301
-257.440094
-730.294006
-296.204163
-266.414246
-46.657341
27.749542
152.430084
13.411099
-242.171387
-295.945740
269.205536
-332.890228
222.253876
1053.597290
-302.245422
131.198486
-610.386841
-125.123665
-341.941772
264.721466
-21.770002
496.863373
-396.078247
301.688568
494.817780
152.875687
146.993530
-58.779484
-322.794189
118.036591
-207.297455
89.248650
214.605362
175.180710
-232.893936
47.583534
228.139938
-256.925903
-360.921265
-198.600693
-103.304695
-32.992645
425.354858
151.064514
334.443512
-496.001129
-882.249695
-37.748287
531.150635
-462.274719
159.359467
-130.762177
69.187874
269.410889
-257.340515
-222.653534
101.962883
91.375069
-290.582153
-402.645752
-340.035339
117.274727
188.267548
-22.174294
288.137146
181.294479
-665.461914
-552.750061
260.348907
-466.239807
198.681137
451.392914
359.104309
-131.845779
-4.074886
-570.547363
31.239578
771.512878
59.444267
-251.186478
361.081421
424.435913
498.002686
-17.194817
765.836914
-367.478424
210.438614
200.210342
70.628433
159.848083
-180.865280
-92.645920
756.274963
346.023682
-455.803772
-91.409576
66.278404
256.397430
-254.265503
326.784180
-31.784142
74.652290
-15.657655
-131.602386
-318.607941
-53.300213
-389.391296
-368.631775
-489.431458
-138.024323
103.020889
236.895889
-12.901925
294.100220
-143.597046
-219.241287
14.721814
181.491074
-185.226562
257.182007
-538.509644
188.153961
185.852844
438.428345
-66.917427
-176.710541
-539.333069
-93.313194
-10.658824
-126.828651
-171.287903
-18.762535
-555.568176
-14.225786
150.927582
-124.732956
297.897278
585.344788
-453.631531
-429.096130
357.118164
-218.795670
-389.376038
-126.780945
267.125885
314.847168
63.430782
-322.571075
-269.994781
-138.781448
359.529938
122.724403
-154.501694
188.183487
-80.121445
-1.684722
377.324646
-206.132309
58.457039
144.846497
-383.599243
137.290405
-244.580688
10.765635
357.548309
445.007782
292.085876
-196.054260
-177.239761
641.290894
144.607635
24.060865
4.771071
-89.064957
16.178305
24.539019
124.131378
92.666733
-4.893302
-22.989550
146.859329
-225.808853
294.949829
175.040665
