-345.178467
-173.653824
-248.876328
-242.442657
-705.029785
-450.761688
715.543579
-196.674866
354.824066
379.545746
114.089874
541.552917
109.316292
-148.046371
-114.290550
-185.428741
-345.666565
-318.016937
-218.965027
174.473083
29.968166
497.215546
-169.827026
197.212830
-316.887238
269.840881
-311.555664
190.754089
-579.129333
-134.347092
307.343506
-309.602936
-296.811523
-148.582031
-99.178238
684.474792
-90.936234
-602.841431
220.590881
245.959610
268.375549
91.665131
404.632324
204.971848
-492.705139
317.540985
-187.299423
317.303528
153.517883
470.314056
411.533630
156.191925
-48.270050
-134.473923
76.763123
17.788343
-1068.762695
456.024872
-32.186741
-336.960510
38.658146
-328.767639
-220.785934
-25.002565
319.214264
-716.685181
-768.056274
61.341911
-21.697760
1141.211426
-497.403168
-439.635712
52.551338
273.920624
-322.523224
-287.692200
842.756287
148.805603
-89.612526
-368.975433
14.607496
-240.329865
-19.047853
-335.426117
-142.458130
-150.242172
-148.497574
-413.990265
91.554474
98.895119
123.871643
230.426819
-390.637024
383.084473
-123.988152
228.030640
-217.355270
-206.884995
-456.052246
477.283478
