150.461594
24.198780
-73.797211
163.042984
-235.493271
-39.583748
26.418415
297.288605
-111.924973
89.405548
-22.916862
123.772423
-120.354446
26.963188
-223.168015
-17.414574
118.851181
-10.283988
203.391464
-32.214561
-139.220963
239.323792
51.223972
14.118231
139.070511
-127.538803
-71.973991
270.852325
156.428497
-210.633560
-91.434067
-21.131989
-80.696274
-383.666077
23.503551
-25.047544
-114.074440
60.254581
116.718925
10.464857
214.217422
34.561352
318.946320
-47.279190
-83.622627
-166.598145
-216.779160
114.521500
74.414093
-272.159668
-113.752319
-57.769375
-148.359695
157.916809
-34.705448
-156.851242
16.445316
-115.433075
-233.368134
-178.637985
82.256317
164.774994
120.325020
-62.220909
-107.930847
-0.763284
63.348061
81.269150
124.930542
-43.324345
-17.186218
-76.411972
43.975063
-132.069885
159.369492
-27.085873
94.360435
-24.407059
69.790825
-160.667526
145.908478
-87.010620
188.944138
342.069824
73.831726
98.243904
-109.659996
-4.878550
-108.700783
-16.461786
-117.035500
-13.947582
143.712006
135.915466
-138.435272
-39.918793
-50.025757
144.115707
-68.555145
-238.531479
