2439.222656
-8.104125
35.091042
34.120529
-6.151466
64.665527
4.170894
73.108604
-49.236336
-43.613979
-13.218925
-17.973604
-24.569670
-41.612423
42.237892
-15.914118
-59.137676
-18.452185
11.963306
-17.012693
75.871338
6.730114
-33.871262
139.899170
24.080627
140.848343
-56.574253
-44.303131
-34.162476
73.563034
-123.902328
-0.859199
-21.942133
-24.910810
-77.342461
-2.410152
53.201847
16.477886
164.089478
34.688160
-53.891338
-59.981594
-75.658508
-4.925331
-21.332853
-181.551239
8.109541
-1.883259
-69.599541
-65.505348
-5.056137
-19.367212
-66.195747
17.073660
25.643314
87.691811
-17.866806
45.653160
73.688538
139.064377
-18.559263
-34.854916
1.944982
-70.817001
111.296165
-26.573868
31.088802
0.590274
-129.637955
49.751240
-15.258972
-136.343002
59.127613
-29.436752
-68.156761
132.931702
76.922684
15.193224
123.399277
-48.754662
