-0.000001
70.753914
-0.000002
71.870827
0.000011
74.256706
-0.000001
78.279114
-0.000004
84.705696
-0.000002
95.226830
0.000002
114.243042
-0.000012
157.756531
-0.000146
367.034210
0.000002
-266.543549
0.000009
-45.107674
0.000054
3.437564
-0.000012
29.854786
-0.000015
52.090664
-0.000026
77.925743
0.000017
117.697075
-0.000079
203.581512
0.000052
609.728210
-0.000008
-661.614441
-0.000042
-215.532700
-0.000138
-128.222107
0.000011
-90.726273
0.000044
-69.782471
0.000011
-56.378494
-0.000009
-47.052155
-0.000072
-40.186092
-0.000018
-34.920399
-0.000002
-30.756853
-0.000033
-27.384199
0.000067
-24.599207
-0.000079
-22.262903
0.000052
-20.276957
0.000065
-18.569788
-0.000003
-17.088118
0.000031
-15.791368
0.000000
-14.647841
-0.000020
-13.633441
-0.000071
-12.727847
0.000035
-11.915302
-0.000034
-11.182923
-0.000044
-10.519834
0.000077
-9.917036
-0.000072
-9.367534
-0.000021
-8.864716
-0.000016
-8.403130
-0.000371
-7.977998
0.000013
-7.585919
-0.000058
-7.222983
0.000108
-6.886738
0.000072
-6.574010
-0.000022
-6.282970
-0.000223
-6.011395
-0.000028
-5.757578
0.000910
-5.520411
0.000091
-5.297205
-0.000045
-5.088008
-0.000014
-4.891181
-0.000016
-4.705884
0.000016
-4.531313
0.000170
-4.366258
-0.000010
-4.210465
-0.000071
-4.062696
0.000513
-3.923441
0.000125
-3.790311
-0.000095
-3.665055
0.000467
-3.544978
0.000118
-3.431312
0.000174
-3.323014
0.000078
-3.219778
0.000183
-3.121572
0.000063
-3.027925
0.000156
-2.937882
-0.000022
-2.852103
0.000128
-2.770180
-0.000008
-2.691606
-0.000008
-2.616488
0.000062
-2.544433
0.000065
-2.475715
-0.000046
-2.409138
-0.000184
-2.344907
-0.000149
-2.285848
-0.000129
-2.225610
-0.000295
-2.168991
0.000354
-2.114627
-0.000007
-2.062192
0.000040
-2.011573
0.000078
-1.962982
0.000346
-1.916610
-0.000052
-1.871359
-0.000161
-1.827025
-0.000239
-1.785255
0.000180
-1.744773
0.000129
-1.705345
-0.000007
-1.667081
-0.000189
-1.630208
-0.000087
-1.594710
0.000191
-1.560682
-0.001411
-1.527352
0.000026
-1.495004
0.000058
-1.463164
0.000156
-1.433167
0.000282
-1.403806
-0.000000
-1.375451
-0.000045
-1.347625
0.000130
-1.321140
-0.000719
-1.293924
0.000093
-1.269500
-0.000651
-1.245011
0.000446
-1.221155
0.000483
-1.197841
-0.000020
-1.175060
-0.000004
-1.152963
-0.000048
-1.132006
-0.000120
-1.111105
0.000106
-1.091082
0.000540
-1.071451
0.000300
-1.052005
-0.000278
-1.033300
-0.000229
-1.015301
0.000049
-0.998023
-0.000070
-0.980572
0.000160
-0.963576
0.000466
-0.947442
0.000135
-0.931193
-0.000005
-0.915867
-0.000263
-0.900447
0.000196
-0.885573
-0.000745
-0.871180
-0.000187
-0.856897
-0.000206
-0.843340
-0.000029
-0.829818
-0.000130
-0.816643
0.000104
-0.802908
0.000025
-0.790787
0.000056
-0.779837
0.000007
-0.768004
-0.000076
-0.754934
0.000637
-0.743179
0.000124
-0.732152
0.000264
-0.721166
0.000536
-0.710484
0.000519
-0.699640
0.000336
-0.689831
-0.000128
-0.679643
-0.000093
-0.669683
-0.000982
-0.659994
-0.000079
-0.650593
0.000084
-0.640795
-0.000041
-0.631245
-0.000115
-0.623760
0.000018
-0.615067
-0.000040
-0.605632
-0.000096
-0.596560
0.000339
-0.589236
0.000017
-0.581455
0.000041
-0.573315
0.000068
-0.565635
-0.000062
-0.558157
0.000099
-0.550728
0.000243
-0.543175
0.000159
-0.536247
0.000174
-0.529591
-0.000036
-0.521907
-0.000181
-0.516055
-0.000179
-0.508858
0.000240
-0.499159
0.000009
-0.495870
0.000502
-0.489657
-0.000334
-0.483014
-0.000191
-0.477022
-0.000541
-0.471251
-0.000089
-0.462861
0.000941
-0.459568
0.000059
-0.453712
-0.000453
-0.447308
0.000594
-0.442745
0.000567
-0.437789
0.000107
-0.432257
-0.000730
-0.426931
0.000282
-0.420406
0.000391
-0.416887
-0.001767
-0.411611
0.000198
-0.407555
0.000220
-0.401644
-0.001435
-0.397557
-0.000128
-0.393284
-0.000830
-0.388363
-0.000093
-0.383784
0.000014
-0.379511
0.001242
-0.374339
-0.000728
-0.370556
0.000002
-0.366979
-0.001053
-0.362467
-0.000038
-0.357569
-0.000019
-0.354222
0.000171
-0.350493
0.000020
-0.346774
0.000376
-0.343030
-0.000016
-0.339404
0.000089
-0.335692
-0.000428
-0.331338
0.000372
-0.328204
0.000089
-0.324302
0.000631
-0.321411
-0.000027
-0.317187
0.000321
-0.313829
0.000703
-0.309635
-0.000013
-0.306535
0.000252
-0.304549
0.000188
-0.301348
-0.000011
-0.297998
-0.000563
-0.294999
-0.000692
-0.289742
0.000053
-0.288290
0.000119
-0.285320
-0.000271
-0.282101
0.000255
-0.279696
-0.000253
-0.276565
-0.000129
-0.274701
-0.000000
-0.270430
-0.001103
-0.268245
0.000045
-0.265784
-0.001073
-0.262663
0.000673
-0.259536
-0.000031
-0.257596
-0.000100
-0.255104
-0.000369
-0.251988
-0.000301
-0.250442
0.000387
-0.247252
-0.000261
-0.242012
0.001353
-0.241379
0.000056
-0.240472
-0.000342
-0.237395
0.000114
-0.235705
-0.000848
-0.232371
0.000760
-0.228551
-0.000276
-0.228115
-0.000020
-0.225743
-0.000356
-0.224941
-0.000043
-0.221765
0.000931
-0.220457
-0.000494
-0.218067
-0.000196
-0.216560
0.000177
-0.213930
-0.000092
-0.207704
0.000444
-0.209868
0.002267
-0.207688
-0.000201
-0.205201
0.000278
-0.202636
-0.000124
-0.200446
-0.000048
-0.199787
-0.000403
-0.198169
-0.000139
-0.196036
-0.000206
-0.194860
-0.000175
-0.192306
-0.000198
-0.189892
-0.000407
-0.189294
-0.001807
-0.187246
-0.000484
-0.185702
-0.000229
-0.183545
0.000479
-0.182517
0.000103
-0.180128
-0.000544
-0.177390
-0.000277
-0.177079
-0.000023
-0.174880
0.001590
-0.173762
-0.000082
-0.172112
0.000126
-0.169639
0.001183
-0.168942
-0.001306
-0.167483
-0.000060
-0.166619
-0.000258
-0.164423
0.000210
-0.163106
0.000500
-0.161369
0.000900
-0.160291
0.000402
-0.158685
-0.000014
-0.155913
0.003378
-0.156214
-0.000142
-0.154362
-0.000551
-0.152122
0.000397
-0.151687
-0.000698
-0.149915
-0.000248
-0.148923
-0.000197
-0.147162
0.000087
-0.146856
0.000443
-0.145046
0.000062
-0.143513
-0.000184
-0.142065
-0.000296
-0.141265
-0.000744
-0.139981
-0.001051
-0.137759
-0.004461
-0.138250
0.001287
-0.136593
-0.000032
-0.134819
0.004848
-0.133112
0.000019
-0.132410
-0.000601
-0.131479
-0.000283
-0.130385
-0.000338
-0.128832
0.000009
-0.130695
-0.000290
-0.127209
0.000452
-0.126548
0.000036
-0.124221
-0.000238
-0.122985
0.000227
-0.122351
-0.000253
-0.120921
0.000018
-0.119971
-0.000365
-0.118448
-0.001189
-0.118019
-0.000400
-0.116774
-0.000426
-0.115997
-0.000242
-0.114649
-0.000104
-0.113789
0.000558
-0.115260
-0.000061
-0.113068
-0.000008
-0.111155
-0.000110
-0.110279
-0.000669
-0.109524
0.000083
-0.107871
0.000642
-0.107081
0.000113
-0.106052
-0.000050
-0.105286
0.000414
-0.105899
-0.000256
-0.103354
0.000202
-0.103044
-0.000653
-0.101327
0.000453
-0.099982
-0.000077
-0.099674
-0.000592
-0.099130
-0.000608
-0.098210
0.000406
-0.095176
0.000515
-0.095471
0.001076
-0.095585
-0.000185
-0.094085
0.000275
-0.094721
-0.000405
-0.092238
-0.000460
-0.090875
0.000707
-0.090956
-0.000220
-0.090052
-0.000116
-0.091122
0.000631
-0.086566
0.000062
-0.088319
-0.000690
-0.088058
0.000084
-0.085002
0.001603
-0.085089
0.000626
-0.084849
-0.001023
-0.083780
0.001324
-0.082906
0.000544
-0.082329
0.001272
-0.081144
0.000647
-0.080109
-0.000778
-0.079293
0.003339
-0.078468
-0.000040
-0.079399
0.000457
-0.078023
0.000153
-0.077463
0.000122
-0.076223
-0.000345
-0.073422
0.000340
-0.079547
0.001395
-0.074608
0.000109
-0.071651
0.000921
-0.072679
0.001020
-0.071900
-0.000402
-0.071073
-0.000843
-0.070867
0.001974
-0.070286
-0.003841
-0.070605
-0.001537
-0.069124
-0.000997
-0.066806
0.000225
-0.066643
-0.000024
-0.064673
-0.000506
-0.066418
-0.000388
-0.064129
0.000049
-0.064304
0.000636
-0.063366
-0.000115
-0.062446
0.000355
-0.063055
0.000215
-0.061757
0.001097
-0.062376
0.000201
-0.060749
0.000016
-0.062031
0.002847
-0.059367
-0.000213
-0.058514
-0.000569
-0.058972
0.004404
-0.057185
-0.000358
-0.057273
-0.000884
-0.057102
0.002096
-0.054863
-0.001874
-0.052058
0.000704
-0.054797
0.000020
-0.053578
0.000063
-0.051499
0.000340
-0.052655
-0.000264
-0.052608
-0.000297
-0.053444
-0.002435
-0.051009
0.000126
-0.051777
-0.000172
-0.048980
0.000025
-0.049151
0.000856
-0.048536
0.000129
-0.047991
0.000368
-0.047069
-0.000414
-0.041884
0.005108
-0.046541
-0.000723
-0.045686
-0.000690
-0.045448
0.000983
-0.045928
-0.000905
-0.038144
-0.000658
-0.043922
0.000273
-0.043203
0.001383
-0.035491
0.000068
-0.042117
0.000511
-0.041100
0.000395
-0.039161
-0.001186
-0.040738
0.001862
-0.040496
0.000661
-0.039131
0.000961
-0.038540
-0.001513
-0.037527
0.000511
-0.036830
-0.000782
-0.036784
0.000450
-0.036804
0.003629
-0.039254
0.005439
-0.035780
-0.000200
-0.034423
0.000315
-0.035130
0.000787
-0.034126
-0.001079
-0.033324
0.000513
-0.034121
-0.000868
-0.031575
0.002969
-0.033118
0.001716
-0.031732
-0.000270
-0.030690
-0.000314
-0.030418
-0.000603
-0.029857
-0.000071
-0.030014
-0.001471
-0.029544
0.000025
-0.028431
-0.000159
-0.027825
-0.000269
-0.026343
-0.000588
-0.027462
-0.002247
-0.026686
0.000167
-0.025958
-0.000269
-0.024333
0.000792
-0.025661
-0.002647
-0.024808
0.000545
-0.023513
-0.000270
-0.024548
0.000460
-0.025511
-0.010064
-0.023169
-0.000322
-0.022541
-0.000290
-0.021400
0.003694
-0.022006
0.000285
-0.021224
-0.000764
-0.020698
0.000264
-0.019974
0.000414
-0.020445
0.001193
-0.021339
-0.000038
-0.018307
-0.000210
-0.017392
0.001705
-0.017650
0.000446
-0.014059
0.000064
-0.017453
0.000366
-0.016307
0.000686
-0.016028
-0.000319
-0.015454
-0.000278
-0.014717
-0.000586
-0.014533
0.000788
-0.014207
-0.001397
-0.013021
-0.000563
-0.017588
-0.002176
-0.017278
0.000044
-0.013277
-0.000372
-0.011369
0.000168
-0.010937
0.000266
-0.012467
-0.003088
-0.008983
0.000357
-0.009622
-0.000090
-0.009558
0.000582
-0.008899
-0.002830
-0.009321
0.000025
-0.007923
0.000047
-0.007290
0.000856
-0.007379
-0.000278
-0.006719
0.000350
-0.006607
-0.000575
-0.005836
0.000070
-0.011199
-0.003835
-0.005116
0.000932
-0.007178
-0.000192
0.008468
0.000602
-0.003958
-0.000137
-0.003666
-0.000997
-0.002859
-0.000124
-0.002467
-0.000237
-0.001807
-0.000334
-0.002000
-0.002081
-0.001868
-0.000702
-0.001637
0.000695
-0.001031
