23532.146484
-949.408997
-178.936234
416.100952
1185.889282
480.727325
-2843.922363
2460.765381
940.328308
-1526.520264
3443.876709
1290.111572
3854.263428
9.461069
-2371.119629
-375.587097
-4264.646973
-307.656097
1223.377319
1823.856201
65.367416
1709.623291
200.578644
-1680.314697
-643.481689
877.614197
147.404663
1106.662598
1775.288208
888.904907
-356.570587
2077.836914
-2355.363037
1460.005127
-220.234650
-18.030779
-1674.966187
-1298.398438
-842.147217
61.848984
127.932304
813.595886
-867.080688
2512.318848
43.770718
-2093.414551
-2480.218506
1067.362915
550.934387
458.672913
1499.732788
2542.690918
1398.782349
-1614.034790
885.881409
751.617371
-2742.151367
36.391556
1687.489990
1834.310059
1557.753296
1063.397949
-401.859375
-155.541351
2513.428955
106.827477
54.613605
-863.653564
-92.678421
-2640.698486
-987.243286
-1556.198242
1534.967407
635.382568
1168.468384
-603.974365
-996.252747
735.838928
-979.274963
-695.971802
-466.914703
1305.638916
-3101.602295
-116.894569
-1046.067993
1430.572510
-1281.356689
1586.277100
3228.070312
1785.677979
-543.082153
-2124.728516
367.290344
-2228.423584
-564.428589
3127.528320
3420.298340
1521.490967
-2100.200439
-1360.330811
-2764.623291
-1477.775146
-1250.031372
1567.236572
833.374451
3660.717041
779.813721
1085.472290
-824.448486
1562.999023
-253.085220
-565.788940
-3404.881104
-718.205627
-1069.388184
561.815247
1708.329712
946.260193
2113.562500
-2101.167969
444.502960
1393.768677
-1919.082764
-1975.401001
-1145.892578
-246.947571
-795.792969
-3013.822266
1031.983276
-965.386963
692.730835
1561.758179
-2661.479736
2674.878662
-78.409676
2917.349854
-3189.918213
60.806839
-36.621311
-3784.615967
1417.507324
1695.574341
-1521.508057
1005.710571
684.826050
2921.542236
73.776459
-2719.423828
1153.676392
-1447.265625
978.406555
2408.311279
279.393463
-1244.197266
3349.410156
73.949608
77.549118
1188.809814
-1210.296753
119.496033
774.280518
860.540771
-1727.346313
-2134.529785
3695.599609
1547.970459
-764.573914
-1657.154541
-2153.687744
111.084961
1170.223877
167.493530
-422.754364
1350.123657
775.104858
815.144897
1218.877319
-664.683411
1658.395752
946.603149
126.561241
-924.911316
-1277.147461
-1387.236206
-775.854614
1459.620239
645.654785
746.330017
-358.826843
1207.755005
4930.762695
-833.224609
-2005.913940
-569.668335
319.581390
-901.454712
615.550537
-1758.681152
407.338318
328.440216
2855.968506
-1260.119385
-3287.285645
-288.052887
-481.775452
-625.062683
-859.587952
1101.229126
1656.753662
-446.816162
-966.505981
859.395081
-2270.783691
-1239.163818
-2009.835327
-2535.910889
-899.461670
1549.571045
-94.532364
-263.634552
906.272034
-201.748642
1582.597168
-257.486206
1117.520874
-521.741211
-4632.812500
-2792.017090
-346.529755
346.377258
2999.556885
1584.972046
12.219885
-543.658203
513.376221
-1975.507568
39.000206
4250.483398
518.640747
1503.102417
-553.990906
334.208344
1242.827759
-133.523758
-221.711823
1688.869751
2386.263916
955.376526
-865.636414
2043.185181
99.933495
-1505.776489
-2091.847900
-1257.798096
-2843.519287
2457.466797
-837.012329
1223.976807
-1913.049561
398.538696
-2532.698730
1109.900879
40.649754
-1957.399292
2247.239990
1341.963745
-4654.193359
1333.157104
-1541.804565
-662.692688
-3.951807
-23.662580
477.342651
1879.220215
853.570251
-123.303947
1225.095459
1931.475342
1224.488037
-617.837097
0.811396
-75.069626
-3161.025635
2513.861816
186.364365
269.459198
378.865143
-3353.379639
2544.620605
-324.787201
-3019.175293
-1683.922241
-2090.977295
-1323.344849
57.351719
-680.340576
521.408997
374.105042
2.662792
-2379.024658
-1682.464355
980.643555
1861.867432
-1373.406860
1102.463379
-241.560181
-1071.076904
-1578.654297
2430.380859
-2555.419678
929.008057
-1952.512451
-1081.035522
1730.019409
-607.024353
3410.093018
-744.868530
-582.111206
-1226.513306
1654.411377
-435.947510
-666.123535
1448.437134
4028.893311
1254.168335
248.370758
1771.332764
-2224.755127
1749.886475
-1940.427490
200.076660
143.897339
223.168289
-2799.215332
-317.409668
-1732.392456
2617.317627
-1254.313599
-1562.889038
-1474.456543
-678.834595
-932.008972
2994.845215
-1042.871582
2580.021973
513.853516
-254.041672
43.082249
1433.567627
-1600.079102
1867.485962
910.274231
-221.534103
625.898560
-288.812805
-172.561859
1916.864624
1997.202148
1114.376343
637.963196
765.767212
-102.828217
2209.671875
2041.035645
828.704895
-889.753906
2191.554932
-824.889832
-2731.935547
-2647.974609
2550.924072
1351.197754
-698.107910
1310.063232
-1292.571289
2265.680420
-963.571472
-621.455200
-2374.638916
2019.555542
1491.549805
-2111.269775
-143.973694
-707.137512
2484.797119
-452.035767
-575.390686
358.512024
-1035.889404
632.328613
-92.657593
-2229.859131
-962.448303
1340.290771
838.305786
675.427368
1054.310425
-624.015930
-1646.197998
1576.112061
1062.425537
279.024231
2063.816406
-1257.197144
-1927.711426
-735.164490
-1178.630859
2589.855957
-405.817291
-4036.057373
-1034.701172
408.839478
-1537.386597
-451.608826
185.973740
803.709900
-1377.127563
-1029.921387
97.330093
-300.512054
1699.476074
2815.182129
2012.218018
2742.496338
1624.380737
1508.849854
554.338257
613.357544
-313.524628
-1442.040894
-925.359985
1038.985962
-2393.345459
-39.695816
-791.809814
952.884094
-392.763824
-469.927490
-2179.159180
-1002.637878
1772.134888
-482.265411
1383.167847
533.247559
-963.225037
1.516910
-1248.695557
409.778778
113.319160
2439.687744
698.535767
-763.294739
1766.111816
-932.237061
944.432373
2341.698242
359.832275
-2131.104736
-139.821716
-499.420013
1520.609619
1292.092896
-1816.171265
262.504303
1535.206665
-315.370636
2252.149170
491.699310
-506.191132
-1340.843628
131.946793
-1004.852173
584.867737
1816.444336
-236.728989
421.394257
1195.901855
82.636490
2768.976318
-1546.284180
1617.000610
-1501.645508
733.147400
-346.296661
-1150.921631
2981.552246
-1884.364136
1556.686523
-759.145935
-136.464874
1713.908691
171.621613
-1289.230347
1431.909668
-419.810272
863.407532
-562.015930
-3063.726074
-269.755219
-34.956593
